{
    "/home/letonio/Documentos/alphaedtech/hardSkills/repositorioHard/Alpha-edtech-cycle01/Module14-Testes/Aula02/Q5_aula02/src/sum.ts": {
        "path": "/home/letonio/Documentos/alphaedtech/hardSkills/repositorioHard/Alpha-edtech-cycle01/Module14-Testes/Aula02/Q5_aula02/src/sum.ts",
        "statementMap": {
            "0": {
                "start": { "line": 2, "column": 4 },
                "end": { "line": 2, "column": 38 }
            },
            "1": {
                "start": { "line": 1, "column": 0 },
                "end": { "line": 1, "column": 16 }
            },
            "2": {
                "start": { "line": 10, "column": 4 },
                "end": { "line": 10, "column": 52 }
            },
            "3": {
                "start": { "line": 5, "column": 0 },
                "end": { "line": 5, "column": 16 }
            }
        },
        "fnMap": {
            "0": {
                "name": "sum",
                "decl": {
                    "start": { "line": 1, "column": 16 },
                    "end": { "line": 1, "column": 19 }
                },
                "loc": {
                    "start": { "line": 1, "column": 61 },
                    "end": { "line": 3, "column": 1 }
                }
            },
            "1": {
                "name": "sum3numbers",
                "decl": {
                    "start": { "line": 5, "column": 16 },
                    "end": { "line": 5, "column": 27 }
                },
                "loc": {
                    "start": { "line": 8, "column": 23 },
                    "end": { "line": 11, "column": 1 }
                }
            }
        },
        "branchMap": {},
        "s": { "0": 3, "1": 1, "2": 0, "3": 1 },
        "f": { "0": 3, "1": 0 },
        "b": {}
    }
}
